<?xml version="1.0" encoding="UTF-8"?>
<!-- Generated by org.testng.reporters.JUnitXMLReporter -->
<testsuite ignored="2" hostname="DESKTOP-4JBD7LS" failures="0" tests="1" name="Default test" time="3.147" errors="0" timestamp="25 Nov 2022 18:41:52 GMT">
  <testcase classname="Iwec.Vesna.Search" name="TC_SEARCH_001_searchForexistingPrudct" time="3.133"/>
  <testcase classname="Iwec.Vesna.Search" name="TC_SEARCH_002_searchForNonExistingProduct" time="0.0">
    <ignored/>
  </testcase> <!-- TC_SEARCH_002_searchForNonExistingProduct -->
  <testcase classname="Iwec.Vesna.Search" name="TC_SEARCH_004_testIsSearchWorksWithLessThan3characters" time="0.0">
    <ignored/>
  </testcase> <!-- TC_SEARCH_004_testIsSearchWorksWithLessThan3characters -->
</testsuite> <!-- Default test -->
